<?xml version="1.0" encoding="UTF-8"?>
<testsuite xmlns:xsi="http://www.w3.org/2001/XMLSchema-instance" xsi:noNamespaceSchemaLocation="https://maven.apache.org/surefire/maven-surefire-plugin/xsd/surefire-test-report.xsd" name="com.testApi.EmqTest" time="0.05" tests="2" errors="2" skipped="0" failures="0">
  <properties>
    <property name="sun.desktop" value="windows"/>
    <property name="awt.toolkit" value="sun.awt.windows.WToolkit"/>
    <property name="file.encoding.pkg" value="sun.io"/>
    <property name="java.specification.version" value="1.8"/>
    <property name="sun.cpu.isalist" value="amd64"/>
    <property name="sun.jnu.encoding" value="GBK"/>
    <property name="java.class.path" value="D:\Projects\git\ssetProject\target\test-classes;D:\Projects\git\ssetProject\target\classes;C:\Users\xfs\.m2\repository\org\springframework\boot\spring-boot-starter-web\2.0.0.RELEASE\spring-boot-starter-web-2.0.0.RELEASE.jar;C:\Users\xfs\.m2\repository\org\springframework\boot\spring-boot-starter\2.0.0.RELEASE\spring-boot-starter-2.0.0.RELEASE.jar;C:\Users\xfs\.m2\repository\org\springframework\boot\spring-boot-starter-logging\2.0.0.RELEASE\spring-boot-starter-logging-2.0.0.RELEASE.jar;C:\Users\xfs\.m2\repository\ch\qos\logback\logback-classic\1.2.3\logback-classic-1.2.3.jar;C:\Users\xfs\.m2\repository\ch\qos\logback\logback-core\1.2.3\logback-core-1.2.3.jar;C:\Users\xfs\.m2\repository\org\apache\logging\log4j\log4j-to-slf4j\2.10.0\log4j-to-slf4j-2.10.0.jar;C:\Users\xfs\.m2\repository\org\slf4j\jul-to-slf4j\1.7.25\jul-to-slf4j-1.7.25.jar;C:\Users\xfs\.m2\repository\javax\annotation\javax.annotation-api\1.3.2\javax.annotation-api-1.3.2.jar;C:\Users\xfs\.m2\repository\org\yaml\snakeyaml\1.19\snakeyaml-1.19.jar;C:\Users\xfs\.m2\repository\org\springframework\boot\spring-boot-starter-json\2.0.0.RELEASE\spring-boot-starter-json-2.0.0.RELEASE.jar;C:\Users\xfs\.m2\repository\com\fasterxml\jackson\datatype\jackson-datatype-jdk8\2.9.4\jackson-datatype-jdk8-2.9.4.jar;C:\Users\xfs\.m2\repository\com\fasterxml\jackson\datatype\jackson-datatype-jsr310\2.9.4\jackson-datatype-jsr310-2.9.4.jar;C:\Users\xfs\.m2\repository\com\fasterxml\jackson\module\jackson-module-parameter-names\2.9.4\jackson-module-parameter-names-2.9.4.jar;C:\Users\xfs\.m2\repository\org\springframework\boot\spring-boot-starter-tomcat\2.0.0.RELEASE\spring-boot-starter-tomcat-2.0.0.RELEASE.jar;C:\Users\xfs\.m2\repository\org\apache\tomcat\embed\tomcat-embed-core\8.5.28\tomcat-embed-core-8.5.28.jar;C:\Users\xfs\.m2\repository\org\apache\tomcat\embed\tomcat-embed-el\8.5.28\tomcat-embed-el-8.5.28.jar;C:\Users\xfs\.m2\repository\org\apache\tomcat\embed\tomcat-embed-websocket\8.5.28\tomcat-embed-websocket-8.5.28.jar;C:\Users\xfs\.m2\repository\org\hibernate\validator\hibernate-validator\6.0.7.Final\hibernate-validator-6.0.7.Final.jar;C:\Users\xfs\.m2\repository\javax\validation\validation-api\2.0.1.Final\validation-api-2.0.1.Final.jar;C:\Users\xfs\.m2\repository\org\jboss\logging\jboss-logging\3.3.2.Final\jboss-logging-3.3.2.Final.jar;C:\Users\xfs\.m2\repository\com\fasterxml\classmate\1.3.4\classmate-1.3.4.jar;C:\Users\xfs\.m2\repository\org\springframework\spring-web\5.0.4.RELEASE\spring-web-5.0.4.RELEASE.jar;C:\Users\xfs\.m2\repository\org\springframework\spring-beans\5.0.4.RELEASE\spring-beans-5.0.4.RELEASE.jar;C:\Users\xfs\.m2\repository\org\springframework\spring-webmvc\5.0.4.RELEASE\spring-webmvc-5.0.4.RELEASE.jar;C:\Users\xfs\.m2\repository\org\springframework\spring-expression\5.0.4.RELEASE\spring-expression-5.0.4.RELEASE.jar;C:\Users\xfs\.m2\repository\org\springframework\boot\spring-boot-starter-test\2.0.0.RELEASE\spring-boot-starter-test-2.0.0.RELEASE.jar;C:\Users\xfs\.m2\repository\org\springframework\boot\spring-boot-test\2.0.0.RELEASE\spring-boot-test-2.0.0.RELEASE.jar;C:\Users\xfs\.m2\repository\org\springframework\boot\spring-boot-test-autoconfigure\2.0.0.RELEASE\spring-boot-test-autoconfigure-2.0.0.RELEASE.jar;C:\Users\xfs\.m2\repository\com\jayway\jsonpath\json-path\2.4.0\json-path-2.4.0.jar;C:\Users\xfs\.m2\repository\net\minidev\json-smart\2.3\json-smart-2.3.jar;C:\Users\xfs\.m2\repository\net\minidev\accessors-smart\1.2\accessors-smart-1.2.jar;C:\Users\xfs\.m2\repository\org\assertj\assertj-core\3.9.1\assertj-core-3.9.1.jar;C:\Users\xfs\.m2\repository\org\mockito\mockito-core\2.15.0\mockito-core-2.15.0.jar;C:\Users\xfs\.m2\repository\net\bytebuddy\byte-buddy\1.7.10\byte-buddy-1.7.10.jar;C:\Users\xfs\.m2\repository\net\bytebuddy\byte-buddy-agent\1.7.10\byte-buddy-agent-1.7.10.jar;C:\Users\xfs\.m2\repository\org\objenesis\objenesis\2.6\objenesis-2.6.jar;C:\Users\xfs\.m2\repository\org\hamcrest\hamcrest-core\1.3\hamcrest-core-1.3.jar;C:\Users\xfs\.m2\repository\org\hamcrest\hamcrest-library\1.3\hamcrest-library-1.3.jar;C:\Users\xfs\.m2\repository\org\skyscreamer\jsonassert\1.5.0\jsonassert-1.5.0.jar;C:\Users\xfs\.m2\repository\com\vaadin\external\google\android-json\0.0.20131108.vaadin1\android-json-0.0.20131108.vaadin1.jar;C:\Users\xfs\.m2\repository\org\springframework\spring-core\5.0.4.RELEASE\spring-core-5.0.4.RELEASE.jar;C:\Users\xfs\.m2\repository\org\springframework\spring-jcl\5.0.4.RELEASE\spring-jcl-5.0.4.RELEASE.jar;C:\Users\xfs\.m2\repository\org\springframework\spring-test\5.0.4.RELEASE\spring-test-5.0.4.RELEASE.jar;C:\Users\xfs\.m2\repository\org\xmlunit\xmlunit-core\2.5.1\xmlunit-core-2.5.1.jar;C:\Users\xfs\.m2\repository\org\springframework\boot\spring-boot-starter-data-redis\2.0.0.RELEASE\spring-boot-starter-data-redis-2.0.0.RELEASE.jar;C:\Users\xfs\.m2\repository\org\springframework\data\spring-data-redis\2.0.5.RELEASE\spring-data-redis-2.0.5.RELEASE.jar;C:\Users\xfs\.m2\repository\org\springframework\data\spring-data-keyvalue\2.0.5.RELEASE\spring-data-keyvalue-2.0.5.RELEASE.jar;C:\Users\xfs\.m2\repository\org\springframework\data\spring-data-commons\2.0.5.RELEASE\spring-data-commons-2.0.5.RELEASE.jar;C:\Users\xfs\.m2\repository\org\springframework\spring-tx\5.0.4.RELEASE\spring-tx-5.0.4.RELEASE.jar;C:\Users\xfs\.m2\repository\org\springframework\spring-oxm\5.0.4.RELEASE\spring-oxm-5.0.4.RELEASE.jar;C:\Users\xfs\.m2\repository\io\lettuce\lettuce-core\5.0.2.RELEASE\lettuce-core-5.0.2.RELEASE.jar;C:\Users\xfs\.m2\repository\io\projectreactor\reactor-core\3.1.5.RELEASE\reactor-core-3.1.5.RELEASE.jar;C:\Users\xfs\.m2\repository\org\reactivestreams\reactive-streams\1.0.2\reactive-streams-1.0.2.jar;C:\Users\xfs\.m2\repository\io\netty\netty-common\4.1.22.Final\netty-common-4.1.22.Final.jar;C:\Users\xfs\.m2\repository\io\netty\netty-transport\4.1.22.Final\netty-transport-4.1.22.Final.jar;C:\Users\xfs\.m2\repository\io\netty\netty-buffer\4.1.22.Final\netty-buffer-4.1.22.Final.jar;C:\Users\xfs\.m2\repository\io\netty\netty-resolver\4.1.22.Final\netty-resolver-4.1.22.Final.jar;C:\Users\xfs\.m2\repository\io\netty\netty-handler\4.1.22.Final\netty-handler-4.1.22.Final.jar;C:\Users\xfs\.m2\repository\io\netty\netty-codec\4.1.22.Final\netty-codec-4.1.22.Final.jar;C:\Users\xfs\.m2\repository\junit\junit\4.12\junit-4.12.jar;C:\Users\xfs\.m2\repository\org\mybatis\spring\boot\mybatis-spring-boot-starter\1.1.1\mybatis-spring-boot-starter-1.1.1.jar;C:\Users\xfs\.m2\repository\org\mybatis\spring\boot\mybatis-spring-boot-autoconfigure\1.1.1\mybatis-spring-boot-autoconfigure-1.1.1.jar;C:\Users\xfs\.m2\repository\org\mybatis\mybatis\3.4.0\mybatis-3.4.0.jar;C:\Users\xfs\.m2\repository\org\mybatis\mybatis-spring\1.3.0\mybatis-spring-1.3.0.jar;C:\Users\xfs\.m2\repository\org\springframework\boot\spring-boot-starter-jdbc\2.0.0.RELEASE\spring-boot-starter-jdbc-2.0.0.RELEASE.jar;C:\Users\xfs\.m2\repository\com\zaxxer\HikariCP\2.7.8\HikariCP-2.7.8.jar;C:\Users\xfs\.m2\repository\org\springframework\spring-jdbc\5.0.4.RELEASE\spring-jdbc-5.0.4.RELEASE.jar;C:\Users\xfs\.m2\repository\mysql\mysql-connector-java\5.1.45\mysql-connector-java-5.1.45.jar;C:\Users\xfs\.m2\repository\org\springframework\boot\spring-boot-devtools\2.0.0.RELEASE\spring-boot-devtools-2.0.0.RELEASE.jar;C:\Users\xfs\.m2\repository\org\springframework\boot\spring-boot\2.0.0.RELEASE\spring-boot-2.0.0.RELEASE.jar;C:\Users\xfs\.m2\repository\org\springframework\boot\spring-boot-autoconfigure\2.0.0.RELEASE\spring-boot-autoconfigure-2.0.0.RELEASE.jar;C:\Users\xfs\.m2\repository\org\springframework\boot\spring-boot-configuration-processor\2.0.0.RELEASE\spring-boot-configuration-processor-2.0.0.RELEASE.jar;C:\Users\xfs\.m2\repository\org\springframework\boot\spring-boot-starter-aop\2.0.0.RELEASE\spring-boot-starter-aop-2.0.0.RELEASE.jar;C:\Users\xfs\.m2\repository\org\springframework\spring-aop\5.0.4.RELEASE\spring-aop-5.0.4.RELEASE.jar;C:\Users\xfs\.m2\repository\org\aspectj\aspectjweaver\1.8.13\aspectjweaver-1.8.13.jar;C:\Users\xfs\.m2\repository\org\springframework\boot\spring-boot-starter-mail\2.0.0.RELEASE\spring-boot-starter-mail-2.0.0.RELEASE.jar;C:\Users\xfs\.m2\repository\org\springframework\spring-context\5.0.4.RELEASE\spring-context-5.0.4.RELEASE.jar;C:\Users\xfs\.m2\repository\org\springframework\spring-context-support\5.0.4.RELEASE\spring-context-support-5.0.4.RELEASE.jar;C:\Users\xfs\.m2\repository\com\sun\mail\javax.mail\1.6.1\javax.mail-1.6.1.jar;C:\Users\xfs\.m2\repository\javax\activation\activation\1.1\activation-1.1.jar;C:\Users\xfs\.m2\repository\com\alibaba\fastjson\1.2.58\fastjson-1.2.58.jar;C:\Users\xfs\.m2\repository\com\github\pagehelper\pagehelper-spring-boot-starter\1.2.13\pagehelper-spring-boot-starter-1.2.13.jar;C:\Users\xfs\.m2\repository\com\github\pagehelper\pagehelper-spring-boot-autoconfigure\1.2.13\pagehelper-spring-boot-autoconfigure-1.2.13.jar;C:\Users\xfs\.m2\repository\com\github\pagehelper\pagehelper\5.1.11\pagehelper-5.1.11.jar;C:\Users\xfs\.m2\repository\com\github\jsqlparser\jsqlparser\2.0\jsqlparser-2.0.jar;C:\Users\xfs\.m2\repository\org\eclipse\paho\org.eclipse.paho.client.mqttv3\1.2.0\org.eclipse.paho.client.mqttv3-1.2.0.jar;C:\Users\xfs\.m2\repository\org\apache\httpcomponents\httpcore\4.4.6\httpcore-4.4.6.jar;C:\Users\xfs\.m2\repository\org\apache\httpcomponents\httpclient\4.5.3\httpclient-4.5.3.jar;C:\Users\xfs\.m2\repository\commons-codec\commons-codec\1.11\commons-codec-1.11.jar;C:\Users\xfs\.m2\repository\org\apache\httpcomponents\httpmime\4.5.3\httpmime-4.5.3.jar;C:\Users\xfs\.m2\repository\com\alibaba\easyexcel\2.2.0-beta1\easyexcel-2.2.0-beta1.jar;C:\Users\xfs\.m2\repository\cglib\cglib\3.1\cglib-3.1.jar;C:\Users\xfs\.m2\repository\org\ow2\asm\asm\4.2\asm-4.2.jar;C:\Users\xfs\.m2\repository\org\slf4j\slf4j-api\1.7.25\slf4j-api-1.7.25.jar;C:\Users\xfs\.m2\repository\org\ehcache\ehcache\3.5.0\ehcache-3.5.0.jar;C:\Users\xfs\.m2\repository\org\apache\poi\poi\3.17\poi-3.17.jar;C:\Users\xfs\.m2\repository\org\apache\commons\commons-collections4\4.1\commons-collections4-4.1.jar;C:\Users\xfs\.m2\repository\org\apache\poi\poi-ooxml\3.17\poi-ooxml-3.17.jar;C:\Users\xfs\.m2\repository\com\github\virtuald\curvesapi\1.04\curvesapi-1.04.jar;C:\Users\xfs\.m2\repository\org\apache\poi\poi-ooxml-schemas\3.17\poi-ooxml-schemas-3.17.jar;C:\Users\xfs\.m2\repository\org\apache\xmlbeans\xmlbeans\2.6.0\xmlbeans-2.6.0.jar;C:\Users\xfs\.m2\repository\stax\stax-api\1.0.1\stax-api-1.0.1.jar;C:\Users\xfs\.m2\repository\commons-collections\commons-collections\3.2.1\commons-collections-3.2.1.jar;C:\Users\xfs\.m2\repository\org\apache\commons\commons-lang3\3.3.2\commons-lang3-3.3.2.jar;C:\Users\xfs\.m2\repository\org\apache\commons\commons-pool2\2.6.2\commons-pool2-2.6.2.jar;C:\Users\xfs\.m2\repository\commons-io\commons-io\1.3.2\commons-io-1.3.2.jar;C:\Users\xfs\.m2\repository\commons-beanutils\commons-beanutils\1.8.3\commons-beanutils-1.8.3.jar;C:\Users\xfs\.m2\repository\commons-logging\commons-logging\1.1.1\commons-logging-1.1.1.jar;C:\Users\xfs\.m2\repository\com\alibaba\druid\1.1.21\druid-1.1.21.jar;C:\Users\xfs\.m2\repository\com\aliyun\aliyun-java-sdk-core\4.5.1\aliyun-java-sdk-core-4.5.1.jar;C:\Users\xfs\.m2\repository\com\google\code\gson\gson\2.8.2\gson-2.8.2.jar;C:\Users\xfs\.m2\repository\javax\xml\bind\jaxb-api\2.3.0\jaxb-api-2.3.0.jar;C:\Users\xfs\.m2\repository\org\jacoco\org.jacoco.agent\0.8.5\org.jacoco.agent-0.8.5-runtime.jar;C:\Users\xfs\.m2\repository\org\ini4j\ini4j\0.5.4\ini4j-0.5.4.jar;C:\Users\xfs\.m2\repository\io\opentracing\opentracing-api\0.33.0\opentracing-api-0.33.0.jar;C:\Users\xfs\.m2\repository\io\opentracing\opentracing-util\0.33.0\opentracing-util-0.33.0.jar;C:\Users\xfs\.m2\repository\io\opentracing\opentracing-noop\0.33.0\opentracing-noop-0.33.0.jar;C:\Users\xfs\.m2\repository\com\aliyun\aliyun-java-sdk-ecs\4.17.6\aliyun-java-sdk-ecs-4.17.6.jar;C:\Users\xfs\.m2\repository\org\slf4j\log4j-over-slf4j\1.7.26\log4j-over-slf4j-1.7.26.jar;C:\Users\xfs\.m2\repository\org\elasticsearch\client\elasticsearch-rest-high-level-client\7.2.0\elasticsearch-rest-high-level-client-7.2.0.jar;C:\Users\xfs\.m2\repository\org\elasticsearch\plugin\parent-join-client\7.2.0\parent-join-client-7.2.0.jar;C:\Users\xfs\.m2\repository\org\elasticsearch\plugin\aggs-matrix-stats-client\7.2.0\aggs-matrix-stats-client-7.2.0.jar;C:\Users\xfs\.m2\repository\org\elasticsearch\plugin\rank-eval-client\7.2.0\rank-eval-client-7.2.0.jar;C:\Users\xfs\.m2\repository\org\elasticsearch\plugin\lang-mustache-client\7.2.0\lang-mustache-client-7.2.0.jar;C:\Users\xfs\.m2\repository\com\github\spullara\mustache\java\compiler\0.9.3\compiler-0.9.3.jar;C:\Users\xfs\.m2\repository\org\elasticsearch\client\elasticsearch-rest-client\7.2.0\elasticsearch-rest-client-7.2.0.jar;C:\Users\xfs\.m2\repository\org\apache\httpcomponents\httpasyncclient\4.1.3\httpasyncclient-4.1.3.jar;C:\Users\xfs\.m2\repository\org\apache\httpcomponents\httpcore-nio\4.4.9\httpcore-nio-4.4.9.jar;C:\Users\xfs\.m2\repository\org\elasticsearch\elasticsearch\7.2.0\elasticsearch-7.2.0.jar;C:\Users\xfs\.m2\repository\org\elasticsearch\elasticsearch-core\7.2.0\elasticsearch-core-7.2.0.jar;C:\Users\xfs\.m2\repository\org\elasticsearch\elasticsearch-secure-sm\7.2.0\elasticsearch-secure-sm-7.2.0.jar;C:\Users\xfs\.m2\repository\org\elasticsearch\elasticsearch-x-content\7.2.0\elasticsearch-x-content-7.2.0.jar;C:\Users\xfs\.m2\repository\com\fasterxml\jackson\dataformat\jackson-dataformat-smile\2.9.4\jackson-dataformat-smile-2.9.4.jar;C:\Users\xfs\.m2\repository\com\fasterxml\jackson\dataformat\jackson-dataformat-yaml\2.9.4\jackson-dataformat-yaml-2.9.4.jar;C:\Users\xfs\.m2\repository\com\fasterxml\jackson\dataformat\jackson-dataformat-cbor\2.9.4\jackson-dataformat-cbor-2.9.4.jar;C:\Users\xfs\.m2\repository\org\elasticsearch\elasticsearch-geo\7.2.0\elasticsearch-geo-7.2.0.jar;C:\Users\xfs\.m2\repository\org\apache\lucene\lucene-core\8.0.0\lucene-core-8.0.0.jar;C:\Users\xfs\.m2\repository\org\apache\lucene\lucene-analyzers-common\8.0.0\lucene-analyzers-common-8.0.0.jar;C:\Users\xfs\.m2\repository\org\apache\lucene\lucene-backward-codecs\8.0.0\lucene-backward-codecs-8.0.0.jar;C:\Users\xfs\.m2\repository\org\apache\lucene\lucene-grouping\8.0.0\lucene-grouping-8.0.0.jar;C:\Users\xfs\.m2\repository\org\apache\lucene\lucene-highlighter\8.0.0\lucene-highlighter-8.0.0.jar;C:\Users\xfs\.m2\repository\org\apache\lucene\lucene-join\8.0.0\lucene-join-8.0.0.jar;C:\Users\xfs\.m2\repository\org\apache\lucene\lucene-memory\8.0.0\lucene-memory-8.0.0.jar;C:\Users\xfs\.m2\repository\org\apache\lucene\lucene-misc\8.0.0\lucene-misc-8.0.0.jar;C:\Users\xfs\.m2\repository\org\apache\lucene\lucene-queries\8.0.0\lucene-queries-8.0.0.jar;C:\Users\xfs\.m2\repository\org\apache\lucene\lucene-queryparser\8.0.0\lucene-queryparser-8.0.0.jar;C:\Users\xfs\.m2\repository\org\apache\lucene\lucene-sandbox\8.0.0\lucene-sandbox-8.0.0.jar;C:\Users\xfs\.m2\repository\org\apache\lucene\lucene-spatial\8.0.0\lucene-spatial-8.0.0.jar;C:\Users\xfs\.m2\repository\org\apache\lucene\lucene-spatial-extras\8.0.0\lucene-spatial-extras-8.0.0.jar;C:\Users\xfs\.m2\repository\org\apache\lucene\lucene-spatial3d\8.0.0\lucene-spatial3d-8.0.0.jar;C:\Users\xfs\.m2\repository\org\apache\lucene\lucene-suggest\8.0.0\lucene-suggest-8.0.0.jar;C:\Users\xfs\.m2\repository\org\elasticsearch\elasticsearch-cli\7.2.0\elasticsearch-cli-7.2.0.jar;C:\Users\xfs\.m2\repository\net\sf\jopt-simple\jopt-simple\5.0.2\jopt-simple-5.0.2.jar;C:\Users\xfs\.m2\repository\com\carrotsearch\hppc\0.7.1\hppc-0.7.1.jar;C:\Users\xfs\.m2\repository\joda-time\joda-time\2.9.9\joda-time-2.9.9.jar;C:\Users\xfs\.m2\repository\com\tdunning\t-digest\3.2\t-digest-3.2.jar;C:\Users\xfs\.m2\repository\org\hdrhistogram\HdrHistogram\2.1.9\HdrHistogram-2.1.9.jar;C:\Users\xfs\.m2\repository\org\apache\logging\log4j\log4j-api\2.10.0\log4j-api-2.10.0.jar;C:\Users\xfs\.m2\repository\org\elasticsearch\jna\4.5.1\jna-4.5.1.jar;C:\Users\xfs\.m2\repository\com\github\javafaker\javafaker\1.0.1\javafaker-1.0.1.jar;C:\Users\xfs\.m2\repository\org\yaml\snakeyaml\1.23\snakeyaml-1.23-android.jar;C:\Users\xfs\.m2\repository\com\github\mifmif\generex\1.0.2\generex-1.0.2.jar;C:\Users\xfs\.m2\repository\dk\brics\automaton\automaton\1.11-8\automaton-1.11-8.jar;C:\Users\xfs\.m2\repository\com\belerweb\pinyin4j\2.5.0\pinyin4j-2.5.0.jar;C:\Users\xfs\.m2\repository\com\fasterxml\jackson\core\jackson-core\2.11.2\jackson-core-2.11.2.jar;C:\Users\xfs\.m2\repository\com\fasterxml\jackson\dataformat\jackson-dataformat-xml\2.11.2\jackson-dataformat-xml-2.11.2.jar;C:\Users\xfs\.m2\repository\com\fasterxml\jackson\core\jackson-annotations\2.9.0\jackson-annotations-2.9.0.jar;C:\Users\xfs\.m2\repository\com\fasterxml\jackson\core\jackson-databind\2.9.4\jackson-databind-2.9.4.jar;C:\Users\xfs\.m2\repository\com\fasterxml\jackson\module\jackson-module-jaxb-annotations\2.9.4\jackson-module-jaxb-annotations-2.9.4.jar;C:\Users\xfs\.m2\repository\org\codehaus\woodstox\stax2-api\4.2.1\stax2-api-4.2.1.jar;C:\Users\xfs\.m2\repository\com\fasterxml\woodstox\woodstox-core\6.2.1\woodstox-core-6.2.1.jar;"/>
    <property name="java.vm.vendor" value="Oracle Corporation"/>
    <property name="sun.arch.data.model" value="64"/>
    <property name="user.variant" value=""/>
    <property name="java.vendor.url" value="http://java.oracle.com/"/>
    <property name="user.timezone" value=""/>
    <property name="java.vm.specification.version" value="1.8"/>
    <property name="os.name" value="Windows 7"/>
    <property name="user.country" value="CN"/>
    <property name="sun.java.launcher" value="SUN_STANDARD"/>
    <property name="sun.boot.library.path" value="D:\Program Files\Java\java\bin"/>
    <property name="sun.java.command" value="C:\Users\xfs\AppData\Local\Temp\surefire948182551031738560\surefirebooter3026610660177921192.jar C:\Users\xfs\AppData\Local\Temp\surefire948182551031738560 2020-11-26T12-17-43_429-jvmRun1 surefire1790220932194681145tmp surefire_09089178382483595553tmp"/>
    <property name="surefire.test.class.path" value="D:\Projects\git\ssetProject\target\test-classes;D:\Projects\git\ssetProject\target\classes;C:\Users\xfs\.m2\repository\org\springframework\boot\spring-boot-starter-web\2.0.0.RELEASE\spring-boot-starter-web-2.0.0.RELEASE.jar;C:\Users\xfs\.m2\repository\org\springframework\boot\spring-boot-starter\2.0.0.RELEASE\spring-boot-starter-2.0.0.RELEASE.jar;C:\Users\xfs\.m2\repository\org\springframework\boot\spring-boot-starter-logging\2.0.0.RELEASE\spring-boot-starter-logging-2.0.0.RELEASE.jar;C:\Users\xfs\.m2\repository\ch\qos\logback\logback-classic\1.2.3\logback-classic-1.2.3.jar;C:\Users\xfs\.m2\repository\ch\qos\logback\logback-core\1.2.3\logback-core-1.2.3.jar;C:\Users\xfs\.m2\repository\org\apache\logging\log4j\log4j-to-slf4j\2.10.0\log4j-to-slf4j-2.10.0.jar;C:\Users\xfs\.m2\repository\org\slf4j\jul-to-slf4j\1.7.25\jul-to-slf4j-1.7.25.jar;C:\Users\xfs\.m2\repository\javax\annotation\javax.annotation-api\1.3.2\javax.annotation-api-1.3.2.jar;C:\Users\xfs\.m2\repository\org\yaml\snakeyaml\1.19\snakeyaml-1.19.jar;C:\Users\xfs\.m2\repository\org\springframework\boot\spring-boot-starter-json\2.0.0.RELEASE\spring-boot-starter-json-2.0.0.RELEASE.jar;C:\Users\xfs\.m2\repository\com\fasterxml\jackson\datatype\jackson-datatype-jdk8\2.9.4\jackson-datatype-jdk8-2.9.4.jar;C:\Users\xfs\.m2\repository\com\fasterxml\jackson\datatype\jackson-datatype-jsr310\2.9.4\jackson-datatype-jsr310-2.9.4.jar;C:\Users\xfs\.m2\repository\com\fasterxml\jackson\module\jackson-module-parameter-names\2.9.4\jackson-module-parameter-names-2.9.4.jar;C:\Users\xfs\.m2\repository\org\springframework\boot\spring-boot-starter-tomcat\2.0.0.RELEASE\spring-boot-starter-tomcat-2.0.0.RELEASE.jar;C:\Users\xfs\.m2\repository\org\apache\tomcat\embed\tomcat-embed-core\8.5.28\tomcat-embed-core-8.5.28.jar;C:\Users\xfs\.m2\repository\org\apache\tomcat\embed\tomcat-embed-el\8.5.28\tomcat-embed-el-8.5.28.jar;C:\Users\xfs\.m2\repository\org\apache\tomcat\embed\tomcat-embed-websocket\8.5.28\tomcat-embed-websocket-8.5.28.jar;C:\Users\xfs\.m2\repository\org\hibernate\validator\hibernate-validator\6.0.7.Final\hibernate-validator-6.0.7.Final.jar;C:\Users\xfs\.m2\repository\javax\validation\validation-api\2.0.1.Final\validation-api-2.0.1.Final.jar;C:\Users\xfs\.m2\repository\org\jboss\logging\jboss-logging\3.3.2.Final\jboss-logging-3.3.2.Final.jar;C:\Users\xfs\.m2\repository\com\fasterxml\classmate\1.3.4\classmate-1.3.4.jar;C:\Users\xfs\.m2\repository\org\springframework\spring-web\5.0.4.RELEASE\spring-web-5.0.4.RELEASE.jar;C:\Users\xfs\.m2\repository\org\springframework\spring-beans\5.0.4.RELEASE\spring-beans-5.0.4.RELEASE.jar;C:\Users\xfs\.m2\repository\org\springframework\spring-webmvc\5.0.4.RELEASE\spring-webmvc-5.0.4.RELEASE.jar;C:\Users\xfs\.m2\repository\org\springframework\spring-expression\5.0.4.RELEASE\spring-expression-5.0.4.RELEASE.jar;C:\Users\xfs\.m2\repository\org\springframework\boot\spring-boot-starter-test\2.0.0.RELEASE\spring-boot-starter-test-2.0.0.RELEASE.jar;C:\Users\xfs\.m2\repository\org\springframework\boot\spring-boot-test\2.0.0.RELEASE\spring-boot-test-2.0.0.RELEASE.jar;C:\Users\xfs\.m2\repository\org\springframework\boot\spring-boot-test-autoconfigure\2.0.0.RELEASE\spring-boot-test-autoconfigure-2.0.0.RELEASE.jar;C:\Users\xfs\.m2\repository\com\jayway\jsonpath\json-path\2.4.0\json-path-2.4.0.jar;C:\Users\xfs\.m2\repository\net\minidev\json-smart\2.3\json-smart-2.3.jar;C:\Users\xfs\.m2\repository\net\minidev\accessors-smart\1.2\accessors-smart-1.2.jar;C:\Users\xfs\.m2\repository\org\assertj\assertj-core\3.9.1\assertj-core-3.9.1.jar;C:\Users\xfs\.m2\repository\org\mockito\mockito-core\2.15.0\mockito-core-2.15.0.jar;C:\Users\xfs\.m2\repository\net\bytebuddy\byte-buddy\1.7.10\byte-buddy-1.7.10.jar;C:\Users\xfs\.m2\repository\net\bytebuddy\byte-buddy-agent\1.7.10\byte-buddy-agent-1.7.10.jar;C:\Users\xfs\.m2\repository\org\objenesis\objenesis\2.6\objenesis-2.6.jar;C:\Users\xfs\.m2\repository\org\hamcrest\hamcrest-core\1.3\hamcrest-core-1.3.jar;C:\Users\xfs\.m2\repository\org\hamcrest\hamcrest-library\1.3\hamcrest-library-1.3.jar;C:\Users\xfs\.m2\repository\org\skyscreamer\jsonassert\1.5.0\jsonassert-1.5.0.jar;C:\Users\xfs\.m2\repository\com\vaadin\external\google\android-json\0.0.20131108.vaadin1\android-json-0.0.20131108.vaadin1.jar;C:\Users\xfs\.m2\repository\org\springframework\spring-core\5.0.4.RELEASE\spring-core-5.0.4.RELEASE.jar;C:\Users\xfs\.m2\repository\org\springframework\spring-jcl\5.0.4.RELEASE\spring-jcl-5.0.4.RELEASE.jar;C:\Users\xfs\.m2\repository\org\springframework\spring-test\5.0.4.RELEASE\spring-test-5.0.4.RELEASE.jar;C:\Users\xfs\.m2\repository\org\xmlunit\xmlunit-core\2.5.1\xmlunit-core-2.5.1.jar;C:\Users\xfs\.m2\repository\org\springframework\boot\spring-boot-starter-data-redis\2.0.0.RELEASE\spring-boot-starter-data-redis-2.0.0.RELEASE.jar;C:\Users\xfs\.m2\repository\org\springframework\data\spring-data-redis\2.0.5.RELEASE\spring-data-redis-2.0.5.RELEASE.jar;C:\Users\xfs\.m2\repository\org\springframework\data\spring-data-keyvalue\2.0.5.RELEASE\spring-data-keyvalue-2.0.5.RELEASE.jar;C:\Users\xfs\.m2\repository\org\springframework\data\spring-data-commons\2.0.5.RELEASE\spring-data-commons-2.0.5.RELEASE.jar;C:\Users\xfs\.m2\repository\org\springframework\spring-tx\5.0.4.RELEASE\spring-tx-5.0.4.RELEASE.jar;C:\Users\xfs\.m2\repository\org\springframework\spring-oxm\5.0.4.RELEASE\spring-oxm-5.0.4.RELEASE.jar;C:\Users\xfs\.m2\repository\io\lettuce\lettuce-core\5.0.2.RELEASE\lettuce-core-5.0.2.RELEASE.jar;C:\Users\xfs\.m2\repository\io\projectreactor\reactor-core\3.1.5.RELEASE\reactor-core-3.1.5.RELEASE.jar;C:\Users\xfs\.m2\repository\org\reactivestreams\reactive-streams\1.0.2\reactive-streams-1.0.2.jar;C:\Users\xfs\.m2\repository\io\netty\netty-common\4.1.22.Final\netty-common-4.1.22.Final.jar;C:\Users\xfs\.m2\repository\io\netty\netty-transport\4.1.22.Final\netty-transport-4.1.22.Final.jar;C:\Users\xfs\.m2\repository\io\netty\netty-buffer\4.1.22.Final\netty-buffer-4.1.22.Final.jar;C:\Users\xfs\.m2\repository\io\netty\netty-resolver\4.1.22.Final\netty-resolver-4.1.22.Final.jar;C:\Users\xfs\.m2\repository\io\netty\netty-handler\4.1.22.Final\netty-handler-4.1.22.Final.jar;C:\Users\xfs\.m2\repository\io\netty\netty-codec\4.1.22.Final\netty-codec-4.1.22.Final.jar;C:\Users\xfs\.m2\repository\junit\junit\4.12\junit-4.12.jar;C:\Users\xfs\.m2\repository\org\mybatis\spring\boot\mybatis-spring-boot-starter\1.1.1\mybatis-spring-boot-starter-1.1.1.jar;C:\Users\xfs\.m2\repository\org\mybatis\spring\boot\mybatis-spring-boot-autoconfigure\1.1.1\mybatis-spring-boot-autoconfigure-1.1.1.jar;C:\Users\xfs\.m2\repository\org\mybatis\mybatis\3.4.0\mybatis-3.4.0.jar;C:\Users\xfs\.m2\repository\org\mybatis\mybatis-spring\1.3.0\mybatis-spring-1.3.0.jar;C:\Users\xfs\.m2\repository\org\springframework\boot\spring-boot-starter-jdbc\2.0.0.RELEASE\spring-boot-starter-jdbc-2.0.0.RELEASE.jar;C:\Users\xfs\.m2\repository\com\zaxxer\HikariCP\2.7.8\HikariCP-2.7.8.jar;C:\Users\xfs\.m2\repository\org\springframework\spring-jdbc\5.0.4.RELEASE\spring-jdbc-5.0.4.RELEASE.jar;C:\Users\xfs\.m2\repository\mysql\mysql-connector-java\5.1.45\mysql-connector-java-5.1.45.jar;C:\Users\xfs\.m2\repository\org\springframework\boot\spring-boot-devtools\2.0.0.RELEASE\spring-boot-devtools-2.0.0.RELEASE.jar;C:\Users\xfs\.m2\repository\org\springframework\boot\spring-boot\2.0.0.RELEASE\spring-boot-2.0.0.RELEASE.jar;C:\Users\xfs\.m2\repository\org\springframework\boot\spring-boot-autoconfigure\2.0.0.RELEASE\spring-boot-autoconfigure-2.0.0.RELEASE.jar;C:\Users\xfs\.m2\repository\org\springframework\boot\spring-boot-configuration-processor\2.0.0.RELEASE\spring-boot-configuration-processor-2.0.0.RELEASE.jar;C:\Users\xfs\.m2\repository\org\springframework\boot\spring-boot-starter-aop\2.0.0.RELEASE\spring-boot-starter-aop-2.0.0.RELEASE.jar;C:\Users\xfs\.m2\repository\org\springframework\spring-aop\5.0.4.RELEASE\spring-aop-5.0.4.RELEASE.jar;C:\Users\xfs\.m2\repository\org\aspectj\aspectjweaver\1.8.13\aspectjweaver-1.8.13.jar;C:\Users\xfs\.m2\repository\org\springframework\boot\spring-boot-starter-mail\2.0.0.RELEASE\spring-boot-starter-mail-2.0.0.RELEASE.jar;C:\Users\xfs\.m2\repository\org\springframework\spring-context\5.0.4.RELEASE\spring-context-5.0.4.RELEASE.jar;C:\Users\xfs\.m2\repository\org\springframework\spring-context-support\5.0.4.RELEASE\spring-context-support-5.0.4.RELEASE.jar;C:\Users\xfs\.m2\repository\com\sun\mail\javax.mail\1.6.1\javax.mail-1.6.1.jar;C:\Users\xfs\.m2\repository\javax\activation\activation\1.1\activation-1.1.jar;C:\Users\xfs\.m2\repository\com\alibaba\fastjson\1.2.58\fastjson-1.2.58.jar;C:\Users\xfs\.m2\repository\com\github\pagehelper\pagehelper-spring-boot-starter\1.2.13\pagehelper-spring-boot-starter-1.2.13.jar;C:\Users\xfs\.m2\repository\com\github\pagehelper\pagehelper-spring-boot-autoconfigure\1.2.13\pagehelper-spring-boot-autoconfigure-1.2.13.jar;C:\Users\xfs\.m2\repository\com\github\pagehelper\pagehelper\5.1.11\pagehelper-5.1.11.jar;C:\Users\xfs\.m2\repository\com\github\jsqlparser\jsqlparser\2.0\jsqlparser-2.0.jar;C:\Users\xfs\.m2\repository\org\eclipse\paho\org.eclipse.paho.client.mqttv3\1.2.0\org.eclipse.paho.client.mqttv3-1.2.0.jar;C:\Users\xfs\.m2\repository\org\apache\httpcomponents\httpcore\4.4.6\httpcore-4.4.6.jar;C:\Users\xfs\.m2\repository\org\apache\httpcomponents\httpclient\4.5.3\httpclient-4.5.3.jar;C:\Users\xfs\.m2\repository\commons-codec\commons-codec\1.11\commons-codec-1.11.jar;C:\Users\xfs\.m2\repository\org\apache\httpcomponents\httpmime\4.5.3\httpmime-4.5.3.jar;C:\Users\xfs\.m2\repository\com\alibaba\easyexcel\2.2.0-beta1\easyexcel-2.2.0-beta1.jar;C:\Users\xfs\.m2\repository\cglib\cglib\3.1\cglib-3.1.jar;C:\Users\xfs\.m2\repository\org\ow2\asm\asm\4.2\asm-4.2.jar;C:\Users\xfs\.m2\repository\org\slf4j\slf4j-api\1.7.25\slf4j-api-1.7.25.jar;C:\Users\xfs\.m2\repository\org\ehcache\ehcache\3.5.0\ehcache-3.5.0.jar;C:\Users\xfs\.m2\repository\org\apache\poi\poi\3.17\poi-3.17.jar;C:\Users\xfs\.m2\repository\org\apache\commons\commons-collections4\4.1\commons-collections4-4.1.jar;C:\Users\xfs\.m2\repository\org\apache\poi\poi-ooxml\3.17\poi-ooxml-3.17.jar;C:\Users\xfs\.m2\repository\com\github\virtuald\curvesapi\1.04\curvesapi-1.04.jar;C:\Users\xfs\.m2\repository\org\apache\poi\poi-ooxml-schemas\3.17\poi-ooxml-schemas-3.17.jar;C:\Users\xfs\.m2\repository\org\apache\xmlbeans\xmlbeans\2.6.0\xmlbeans-2.6.0.jar;C:\Users\xfs\.m2\repository\stax\stax-api\1.0.1\stax-api-1.0.1.jar;C:\Users\xfs\.m2\repository\commons-collections\commons-collections\3.2.1\commons-collections-3.2.1.jar;C:\Users\xfs\.m2\repository\org\apache\commons\commons-lang3\3.3.2\commons-lang3-3.3.2.jar;C:\Users\xfs\.m2\repository\org\apache\commons\commons-pool2\2.6.2\commons-pool2-2.6.2.jar;C:\Users\xfs\.m2\repository\commons-io\commons-io\1.3.2\commons-io-1.3.2.jar;C:\Users\xfs\.m2\repository\commons-beanutils\commons-beanutils\1.8.3\commons-beanutils-1.8.3.jar;C:\Users\xfs\.m2\repository\commons-logging\commons-logging\1.1.1\commons-logging-1.1.1.jar;C:\Users\xfs\.m2\repository\com\alibaba\druid\1.1.21\druid-1.1.21.jar;C:\Users\xfs\.m2\repository\com\aliyun\aliyun-java-sdk-core\4.5.1\aliyun-java-sdk-core-4.5.1.jar;C:\Users\xfs\.m2\repository\com\google\code\gson\gson\2.8.2\gson-2.8.2.jar;C:\Users\xfs\.m2\repository\javax\xml\bind\jaxb-api\2.3.0\jaxb-api-2.3.0.jar;C:\Users\xfs\.m2\repository\org\jacoco\org.jacoco.agent\0.8.5\org.jacoco.agent-0.8.5-runtime.jar;C:\Users\xfs\.m2\repository\org\ini4j\ini4j\0.5.4\ini4j-0.5.4.jar;C:\Users\xfs\.m2\repository\io\opentracing\opentracing-api\0.33.0\opentracing-api-0.33.0.jar;C:\Users\xfs\.m2\repository\io\opentracing\opentracing-util\0.33.0\opentracing-util-0.33.0.jar;C:\Users\xfs\.m2\repository\io\opentracing\opentracing-noop\0.33.0\opentracing-noop-0.33.0.jar;C:\Users\xfs\.m2\repository\com\aliyun\aliyun-java-sdk-ecs\4.17.6\aliyun-java-sdk-ecs-4.17.6.jar;C:\Users\xfs\.m2\repository\org\slf4j\log4j-over-slf4j\1.7.26\log4j-over-slf4j-1.7.26.jar;C:\Users\xfs\.m2\repository\org\elasticsearch\client\elasticsearch-rest-high-level-client\7.2.0\elasticsearch-rest-high-level-client-7.2.0.jar;C:\Users\xfs\.m2\repository\org\elasticsearch\plugin\parent-join-client\7.2.0\parent-join-client-7.2.0.jar;C:\Users\xfs\.m2\repository\org\elasticsearch\plugin\aggs-matrix-stats-client\7.2.0\aggs-matrix-stats-client-7.2.0.jar;C:\Users\xfs\.m2\repository\org\elasticsearch\plugin\rank-eval-client\7.2.0\rank-eval-client-7.2.0.jar;C:\Users\xfs\.m2\repository\org\elasticsearch\plugin\lang-mustache-client\7.2.0\lang-mustache-client-7.2.0.jar;C:\Users\xfs\.m2\repository\com\github\spullara\mustache\java\compiler\0.9.3\compiler-0.9.3.jar;C:\Users\xfs\.m2\repository\org\elasticsearch\client\elasticsearch-rest-client\7.2.0\elasticsearch-rest-client-7.2.0.jar;C:\Users\xfs\.m2\repository\org\apache\httpcomponents\httpasyncclient\4.1.3\httpasyncclient-4.1.3.jar;C:\Users\xfs\.m2\repository\org\apache\httpcomponents\httpcore-nio\4.4.9\httpcore-nio-4.4.9.jar;C:\Users\xfs\.m2\repository\org\elasticsearch\elasticsearch\7.2.0\elasticsearch-7.2.0.jar;C:\Users\xfs\.m2\repository\org\elasticsearch\elasticsearch-core\7.2.0\elasticsearch-core-7.2.0.jar;C:\Users\xfs\.m2\repository\org\elasticsearch\elasticsearch-secure-sm\7.2.0\elasticsearch-secure-sm-7.2.0.jar;C:\Users\xfs\.m2\repository\org\elasticsearch\elasticsearch-x-content\7.2.0\elasticsearch-x-content-7.2.0.jar;C:\Users\xfs\.m2\repository\com\fasterxml\jackson\dataformat\jackson-dataformat-smile\2.9.4\jackson-dataformat-smile-2.9.4.jar;C:\Users\xfs\.m2\repository\com\fasterxml\jackson\dataformat\jackson-dataformat-yaml\2.9.4\jackson-dataformat-yaml-2.9.4.jar;C:\Users\xfs\.m2\repository\com\fasterxml\jackson\dataformat\jackson-dataformat-cbor\2.9.4\jackson-dataformat-cbor-2.9.4.jar;C:\Users\xfs\.m2\repository\org\elasticsearch\elasticsearch-geo\7.2.0\elasticsearch-geo-7.2.0.jar;C:\Users\xfs\.m2\repository\org\apache\lucene\lucene-core\8.0.0\lucene-core-8.0.0.jar;C:\Users\xfs\.m2\repository\org\apache\lucene\lucene-analyzers-common\8.0.0\lucene-analyzers-common-8.0.0.jar;C:\Users\xfs\.m2\repository\org\apache\lucene\lucene-backward-codecs\8.0.0\lucene-backward-codecs-8.0.0.jar;C:\Users\xfs\.m2\repository\org\apache\lucene\lucene-grouping\8.0.0\lucene-grouping-8.0.0.jar;C:\Users\xfs\.m2\repository\org\apache\lucene\lucene-highlighter\8.0.0\lucene-highlighter-8.0.0.jar;C:\Users\xfs\.m2\repository\org\apache\lucene\lucene-join\8.0.0\lucene-join-8.0.0.jar;C:\Users\xfs\.m2\repository\org\apache\lucene\lucene-memory\8.0.0\lucene-memory-8.0.0.jar;C:\Users\xfs\.m2\repository\org\apache\lucene\lucene-misc\8.0.0\lucene-misc-8.0.0.jar;C:\Users\xfs\.m2\repository\org\apache\lucene\lucene-queries\8.0.0\lucene-queries-8.0.0.jar;C:\Users\xfs\.m2\repository\org\apache\lucene\lucene-queryparser\8.0.0\lucene-queryparser-8.0.0.jar;C:\Users\xfs\.m2\repository\org\apache\lucene\lucene-sandbox\8.0.0\lucene-sandbox-8.0.0.jar;C:\Users\xfs\.m2\repository\org\apache\lucene\lucene-spatial\8.0.0\lucene-spatial-8.0.0.jar;C:\Users\xfs\.m2\repository\org\apache\lucene\lucene-spatial-extras\8.0.0\lucene-spatial-extras-8.0.0.jar;C:\Users\xfs\.m2\repository\org\apache\lucene\lucene-spatial3d\8.0.0\lucene-spatial3d-8.0.0.jar;C:\Users\xfs\.m2\repository\org\apache\lucene\lucene-suggest\8.0.0\lucene-suggest-8.0.0.jar;C:\Users\xfs\.m2\repository\org\elasticsearch\elasticsearch-cli\7.2.0\elasticsearch-cli-7.2.0.jar;C:\Users\xfs\.m2\repository\net\sf\jopt-simple\jopt-simple\5.0.2\jopt-simple-5.0.2.jar;C:\Users\xfs\.m2\repository\com\carrotsearch\hppc\0.7.1\hppc-0.7.1.jar;C:\Users\xfs\.m2\repository\joda-time\joda-time\2.9.9\joda-time-2.9.9.jar;C:\Users\xfs\.m2\repository\com\tdunning\t-digest\3.2\t-digest-3.2.jar;C:\Users\xfs\.m2\repository\org\hdrhistogram\HdrHistogram\2.1.9\HdrHistogram-2.1.9.jar;C:\Users\xfs\.m2\repository\org\apache\logging\log4j\log4j-api\2.10.0\log4j-api-2.10.0.jar;C:\Users\xfs\.m2\repository\org\elasticsearch\jna\4.5.1\jna-4.5.1.jar;C:\Users\xfs\.m2\repository\com\github\javafaker\javafaker\1.0.1\javafaker-1.0.1.jar;C:\Users\xfs\.m2\repository\org\yaml\snakeyaml\1.23\snakeyaml-1.23-android.jar;C:\Users\xfs\.m2\repository\com\github\mifmif\generex\1.0.2\generex-1.0.2.jar;C:\Users\xfs\.m2\repository\dk\brics\automaton\automaton\1.11-8\automaton-1.11-8.jar;C:\Users\xfs\.m2\repository\com\belerweb\pinyin4j\2.5.0\pinyin4j-2.5.0.jar;C:\Users\xfs\.m2\repository\com\fasterxml\jackson\core\jackson-core\2.11.2\jackson-core-2.11.2.jar;C:\Users\xfs\.m2\repository\com\fasterxml\jackson\dataformat\jackson-dataformat-xml\2.11.2\jackson-dataformat-xml-2.11.2.jar;C:\Users\xfs\.m2\repository\com\fasterxml\jackson\core\jackson-annotations\2.9.0\jackson-annotations-2.9.0.jar;C:\Users\xfs\.m2\repository\com\fasterxml\jackson\core\jackson-databind\2.9.4\jackson-databind-2.9.4.jar;C:\Users\xfs\.m2\repository\com\fasterxml\jackson\module\jackson-module-jaxb-annotations\2.9.4\jackson-module-jaxb-annotations-2.9.4.jar;C:\Users\xfs\.m2\repository\org\codehaus\woodstox\stax2-api\4.2.1\stax2-api-4.2.1.jar;C:\Users\xfs\.m2\repository\com\fasterxml\woodstox\woodstox-core\6.2.1\woodstox-core-6.2.1.jar;"/>
    <property name="sun.cpu.endian" value="little"/>
    <property name="user.home" value="C:\Users\xfs"/>
    <property name="user.language" value="zh"/>
    <property name="java.specification.vendor" value="Oracle Corporation"/>
    <property name="java.home" value="D:\Program Files\Java\java"/>
    <property name="basedir" value="D:\Projects\git\ssetProject"/>
    <property name="file.separator" value="\"/>
    <property name="line.separator" value="&#10;"/>
    <property name="java.vm.specification.vendor" value="Oracle Corporation"/>
    <property name="java.specification.name" value="Java Platform API Specification"/>
    <property name="java.awt.graphicsenv" value="sun.awt.Win32GraphicsEnvironment"/>
    <property name="surefire.real.class.path" value="C:\Users\xfs\AppData\Local\Temp\surefire948182551031738560\surefirebooter3026610660177921192.jar"/>
    <property name="sun.boot.class.path" value="D:\Program Files\Java\java\lib\resources.jar;D:\Program Files\Java\java\lib\rt.jar;D:\Program Files\Java\java\lib\sunrsasign.jar;D:\Program Files\Java\java\lib\jsse.jar;D:\Program Files\Java\java\lib\jce.jar;D:\Program Files\Java\java\lib\charsets.jar;D:\Program Files\Java\java\lib\jfr.jar;D:\Program Files\Java\java\classes"/>
    <property name="user.script" value=""/>
    <property name="sun.management.compiler" value="HotSpot 64-Bit Tiered Compilers"/>
    <property name="java.runtime.version" value="1.8.0_251-b08"/>
    <property name="user.name" value="xfs"/>
    <property name="path.separator" value=";"/>
    <property name="os.version" value="6.1"/>
    <property name="java.endorsed.dirs" value="D:\Program Files\Java\java\lib\endorsed"/>
    <property name="java.runtime.name" value="Java(TM) SE Runtime Environment"/>
    <property name="file.encoding" value="GBK"/>
    <property name="java.vm.name" value="Java HotSpot(TM) 64-Bit Server VM"/>
    <property name="localRepository" value="C:\Users\xfs\.m2\repository"/>
    <property name="java.vendor.url.bug" value="http://bugreport.sun.com/bugreport/"/>
    <property name="java.io.tmpdir" value="C:\Users\xfs\AppData\Local\Temp\"/>
    <property name="java.version" value="1.8.0_251"/>
    <property name="user.dir" value="D:\Projects\git\ssetProject"/>
    <property name="os.arch" value="amd64"/>
    <property name="java.vm.specification.name" value="Java Virtual Machine Specification"/>
    <property name="java.awt.printerjob" value="sun.awt.windows.WPrinterJob"/>
    <property name="sun.os.patch.level" value="Service Pack 1"/>
    <property name="java.library.path" value="D:\Program Files\Java\java\bin;C:\Windows\Sun\Java\bin;C:\Windows\system32;C:\Windows;D:/Program Files/Java/java/bin/server;D:/Program Files/Java/java/bin;D:/Program Files/Java/java/lib/amd64;C:\Program Files (x86)\Common Files\NetSarang;C:\Program Files (x86)\Common Files\Oracle\Java\javapath;C:\Windows\system32;C:\Windows;C:\Windows\System32\Wbem;C:\Windows\System32\WindowsPowerShell\v1.0\;D:\Program Files\nodejs\;D:\Program Files (x86)\IVI Foundation\VISA\WinNT\Bin\;C:\Program Files\IVI Foundation\VISA\Win64\Bin\;D:\Program Files (x86)\IVI Foundation\VISA\WinNT\Bin;D:\Program Files\Microsoft VS Code\bin;C:\Users\xfs\AppData\Roaming\npm;C:\Users\xfs\AppData\Local\GitHubDesktop\bin;C:\Users\xfs\Desktop;;."/>
    <property name="java.vm.info" value="mixed mode"/>
    <property name="java.vendor" value="Oracle Corporation"/>
    <property name="java.vm.version" value="25.251-b08"/>
    <property name="java.ext.dirs" value="D:\Program Files\Java\java\lib\ext;C:\Windows\Sun\Java\lib\ext"/>
    <property name="sun.io.unicode.encoding" value="UnicodeLittle"/>
    <property name="java.class.version" value="52.0"/>
  </properties>
  <testcase name="initializationError" classname="com.testApi.EmqTest" time="0.004">
    <error message="Method main() should not be static" type="java.lang.Exception">java.lang.Exception: Method main() should not be static
</error>
  </testcase>
  <testcase name="initializationError" classname="com.testApi.EmqTest" time="0">
    <error message="Method main should have no parameters" type="java.lang.Exception">java.lang.Exception: Method main should have no parameters
</error>
  </testcase>
</testsuite>